This is TeX, Version 3.141592653 (TeX Live 2022/dev/Debian) (preloaded format=tex 2024.3.17)  3 JAN 2025 20:31
**sda
(./resume.tex
! Undefined control sequence.
l.1 \documentclass
                  {article} \usepackage{comment, multicol} \usepackage{hyper...

? 
! Interruption.
<to be read again> 
                   {
l.1 \documentclass{
                   article} \usepackage{comment, multicol} \usepackage{hyper...

? 
! Undefined control sequence.
l.1 \documentclass{article} \usepackage
                                       {comment, multicol} \usepackage{hyper...

? 
! Undefined control sequence.
l.1 ... \usepackage{comment, multicol} \usepackage
                                                  {hyperref} \usepackage{cal...

? 
! Undefined control sequence.
l.1 ...multicol} \usepackage{hyperref} \usepackage
                                                  {calc,pict2e,picture}
? ^^X
Type <return> to proceed, S to scroll future error messages,
R to run without stopping, Q to run quietly,
I to insert something, E to edit your file,
1 or ... or 9 to ignore the next 1 to 9 tokens of input,
H for help, X to quit.
? 
! Emergency stop.
l.1 ...multicol} \usepackage{hyperref} \usepackage
                                                  {calc,pict2e,picture}
End of file on the terminal!

No pages of output.
